<?xml version="1.0" encoding="UTF-8"?>
<testsuite name="Test GradeTest "
           tests="23"
           failures="0"
           errors="0"
           skipped="0"
           time="0.003">
    <properties></properties>



            <testcase
                name="testGetGrade"
                time="0.000"
                classname="GradeTest">
            </testcase>
            <testcase
                name="testGetGrade"
                time="0.000"
                classname="GradeTest">
            </testcase>
            <testcase
                name="testGetGrade"
                time="0.000"
                classname="GradeTest">
            </testcase>
            <testcase
                name="testGetGrade"
                time="0.000"
                classname="GradeTest">
            </testcase>
            <testcase
                name="testGetGrade"
                time="0.000"
                classname="GradeTest">
            </testcase>
            <testcase
                name="testGetGrade"
                time="0.000"
                classname="GradeTest">
            </testcase>
            <testcase
                name="testGetGrade"
                time="0.000"
                classname="GradeTest">
            </testcase>
            <testcase
                name="testGetGrade"
                time="0.000"
                classname="GradeTest">
            </testcase>
            <testcase
                name="testGetGrade"
                time="0.000"
                classname="GradeTest">
            </testcase>
            <testcase
                name="testGetGrade"
                time="0.000"
                classname="GradeTest">
            </testcase>
            <testcase
                name="testGetGrade"
                time="0.000"
                classname="GradeTest">
            </testcase>
            <testcase
                name="testGetGrade"
                time="0.002"
                classname="GradeTest">
            </testcase>
            <testcase
                name="testGetGrade"
                time="0.000"
                classname="GradeTest">
            </testcase>
            <testcase
                name="testGetGrade"
                time="0.000"
                classname="GradeTest">
            </testcase>
            <testcase
                name="testGetGrade"
                time="0.000"
                classname="GradeTest">
            </testcase>
            <testcase
                name="testGetGrade"
                time="0.000"
                classname="GradeTest">
            </testcase>
            <testcase
                name="testGetGrade"
                time="0.000"
                classname="GradeTest">
            </testcase>
            <testcase
                name="testGetGrade"
                time="0.000"
                classname="GradeTest">
            </testcase>
            <testcase
                name="testGetGrade"
                time="0.000"
                classname="GradeTest">
            </testcase>
            <testcase
                name="testGetGrade"
                time="0.000"
                classname="GradeTest">
            </testcase>
            <testcase
                name="testGetGrade"
                time="0.001"
                classname="GradeTest">
            </testcase>
            <testcase
                name="testGetGrade"
                time="0.000"
                classname="GradeTest">
            </testcase>
            <testcase
                name="testGetGrade"
                time="0.000"
                classname="GradeTest">
            </testcase>
</testsuite>
